<?xml version="1.0" encoding="UTF-8"?>
<!-- Generated by org.testng.reporters.JUnitXMLReporter -->
<testsuite hostname="LAPTOP-A3NFFT5A" ignored="0" name="Default test" tests="3" failures="0" timestamp="2021-11-09T16:42:14 COT" time="3.479" errors="0">
  <testcase name="test_albums" time="1.684" classname="APITestCases.Demo13_RequestAndResponseSpecBuilder"/>
  <testcase name="test_todos" time="0.701" classname="APITestCases.Demo13_RequestAndResponseSpecBuilder"/>
  <testcase name="test_posts" time="0.51" classname="APITestCases.Demo13_RequestAndResponseSpecBuilder"/>
</testsuite> <!-- Default test -->
