<?xml version="1.0" encoding="UTF-8"?>
<testng-results skipped="0" failed="0" ignored="0" total="4" passed="4">
  <reporter-output>
  </reporter-output>
  <suite name="Default suite" duration-ms="4693" started-at="2021-10-26T22:27:39 COT" finished-at="2021-10-26T22:27:44 COT">
    <groups>
    </groups>
    <test name="Default test" duration-ms="4693" started-at="2021-10-26T22:27:39 COT" finished-at="2021-10-26T22:27:44 COT">
      <class name="APITestCases.Demo_JSON_Validations">
        <test-method status="PASS" signature="statusValidation()[pri:1, instance:APITestCases.Demo_JSON_Validations@4b553d26]" name="statusValidation" duration-ms="2054" started-at="2021-10-26T22:27:39 COT" finished-at="2021-10-26T22:27:41 COT">
          <reporter-output>
          </reporter-output>
        </test-method> <!-- statusValidation -->
        <test-method status="PASS" signature="getLogResponseAndSingleContent()[pri:2, instance:APITestCases.Demo_JSON_Validations@4b553d26]" name="getLogResponseAndSingleContent" duration-ms="963" started-at="2021-10-26T22:27:41 COT" finished-at="2021-10-26T22:27:42 COT">
          <reporter-output>
          </reporter-output>
        </test-method> <!-- getLogResponseAndSingleContent -->
        <test-method status="PASS" signature="testMultipleContent()[pri:3, instance:APITestCases.Demo_JSON_Validations@4b553d26]" name="testMultipleContent" duration-ms="875" started-at="2021-10-26T22:27:42 COT" finished-at="2021-10-26T22:27:43 COT">
          <reporter-output>
          </reporter-output>
        </test-method> <!-- testMultipleContent -->
        <test-method status="PASS" signature="setParamsAndHeaders()[pri:4, instance:APITestCases.Demo_JSON_Validations@4b553d26]" name="setParamsAndHeaders" duration-ms="757" started-at="2021-10-26T22:27:43 COT" finished-at="2021-10-26T22:27:44 COT">
          <reporter-output>
          </reporter-output>
        </test-method> <!-- setParamsAndHeaders -->
      </class> <!-- APITestCases.Demo_JSON_Validations -->
    </test> <!-- Default test -->
  </suite> <!-- Default suite -->
</testng-results>
